<?xml version="1.0" encoding="UTF-8"?>
<!-- Generated by org.testng.reporters.JUnitXMLReporter -->
<testsuite hostname="CCB27SDK1" ignored="0" name="CCB" tests="1" failures="1" timestamp="24 Jul 2020 15:51:16 GMT" time="436.696" errors="0">
  <testcase name="feature" time="436.352" classname="cucumber.api.testng.AbstractTestNGCucumberTests">
    <failure type="cucumber.runtime.CucumberException" message="java.lang.AssertionError: DPU - Failed creating Field Activity record... expected [true] but found [false]">
      <![CDATA[cucumber.runtime.CucumberException: java.lang.AssertionError: DPU - Failed creating Field Activity record... expected [true] but found [false]
at cucumber.api.testng.TestNGCucumberRunner.runCucumber(TestNGCucumberRunner.java:69)
at cucumber.api.testng.AbstractTestNGCucumberTests.feature(AbstractTestNGCucumberTests.java:21)
Caused by: java.lang.AssertionError: DPU - Failed creating Field Activity record... expected [true] but found [false]
at dpu_stepdefinitions.DPU_StepDefinitions.save_field_activity(DPU_StepDefinitions.java:1565)
at âœ½.Then Field Activity record is saved Add(src/test/java/dpu_features/FS001AddAFieldActivity.feature:25)
... Removed 28 stack frames]]>
    </failure>
  </testcase> <!-- feature -->
</testsuite> <!-- CCB -->
